<?xml version="1.0" encoding="UTF-8"?>
<!-- Generated by org.testng.reporters.JUnitReportReporter -->
<testsuite hostname="DESKTOP-GD611T9" failures="0" tests="2" name="com.maven.E2EProject.HomePage" time="17.149" errors="0" timestamp="2022-02-28T18:51:05 IST" skipped="0">
  <testcase classname="com.maven.E2EProject.HomePage" name="loadURL" time="15.036"/>
  <system-out/>
  <testcase classname="com.maven.E2EProject.HomePage" name="loadURL" time="2.113"/>
  <system-out/>
</testsuite> <!-- com.maven.E2EProject.HomePage -->
