<?xml version="1.0" encoding="UTF-8"?>
<!-- Generated by org.testng.reporters.JUnitReportReporter -->
<testsuite hostname="DESKTOP-GD611T9" failures="0" tests="2" name="com.maven.E2EProject.TitleCheckInHomePage" time="0.103" errors="0" timestamp="2022-04-30T07:44:12 IST" skipped="0">
  <testcase classname="com.maven.E2EProject.TitleCheckInHomePage" name="titleCheck" time="0.046"/>
  <system-out/>
  <testcase classname="com.maven.E2EProject.TitleCheckInHomePage" name="headerCheck" time="0.057"/>
  <system-out/>
</testsuite> <!-- com.maven.E2EProject.TitleCheckInHomePage -->
