<?xml version="1.0" encoding="UTF-8"?>
<!-- Generated by org.testng.reporters.JUnitReportReporter -->
<testsuite hostname="DESKTOP-GD611T9" failures="0" tests="2" name="cucumberOptions.TestRunner" time="51.897" errors="0" timestamp="2022-04-30T07:59:59 IST" skipped="0">
  <testcase classname="cucumberOptions.TestRunner" name="runScenario" time="27.534"/>
  <system-out/>
  <testcase classname="cucumberOptions.TestRunner" name="runScenario" time="24.363"/>
  <system-out/>
</testsuite> <!-- cucumberOptions.TestRunner -->
