<?xml version="1.0" encoding="UTF-8"?>
<!-- Generated by org.testng.reporters.JUnitReportReporter -->
<testsuite hostname="DESKTOP-GD611T9" failures="0" tests="1" name="com.maven.E2EProject.navigationCheckInHomePage" time="0.059" errors="0" timestamp="2022-02-28T19:45:24 IST" skipped="0">
  <testcase classname="com.maven.E2EProject.navigationCheckInHomePage" name="getNavigation" time="0.059"/>
  <system-out/>
</testsuite> <!-- com.maven.E2EProject.navigationCheckInHomePage -->
