<?xml version="1.0" encoding="UTF-8"?>
<!-- Generated by org.testng.reporters.JUnitReportReporter -->
<testsuite hostname="DESKTOP-GD611T9" failures="0" tests="2" name="cucumberOptions.TestRunner" time="61.417" errors="0" timestamp="2022-04-30T08:02:45 IST" skipped="0">
  <testcase classname="cucumberOptions.TestRunner" name="runScenario" time="32.295"/>
  <system-out/>
  <testcase classname="cucumberOptions.TestRunner" name="runScenario" time="29.122"/>
  <system-out/>
</testsuite> <!-- cucumberOptions.TestRunner -->
